<?xml version="1.0" encoding="UTF-8"?>
<testng-results skipped="0" failed="0" ignored="0" total="3" passed="3">
  <reporter-output>
  </reporter-output>
  <suite name="Suite" duration-ms="24380" started-at="2018-08-28T01:46:38Z" finished-at="2018-08-28T01:47:03Z">
    <groups>
    </groups>
    <test name="Test" duration-ms="24380" started-at="2018-08-28T01:46:38Z" finished-at="2018-08-28T01:47:03Z">
      <class name="mypackage.TestDemo">
        <test-method status="PASS" signature="bing()[pri:0, instance:mypackage.TestDemo@475530b9]" name="bing" duration-ms="6912" started-at="2018-08-28T01:46:38Z" finished-at="2018-08-28T01:46:45Z">
          <reporter-output>
          </reporter-output>
        </test-method> <!-- bing -->
        <test-method status="PASS" signature="flipkart()[pri:0, instance:mypackage.TestDemo@475530b9]" name="flipkart" duration-ms="11628" started-at="2018-08-28T01:46:45Z" finished-at="2018-08-28T01:46:57Z">
          <reporter-output>
          </reporter-output>
        </test-method> <!-- flipkart -->
        <test-method status="PASS" signature="google()[pri:0, instance:mypackage.TestDemo@475530b9]" name="google" duration-ms="5797" started-at="2018-08-28T01:46:57Z" finished-at="2018-08-28T01:47:03Z">
          <reporter-output>
          </reporter-output>
        </test-method> <!-- google -->
      </class> <!-- mypackage.TestDemo -->
    </test> <!-- Test -->
  </suite> <!-- Suite -->
</testng-results>
